<?xml version="1.0" encoding="UTF-8"?>
<!-- Generated by org.testng.reporters.JUnitReportReporter -->
<testsuite skipped="0" hostname="DESKTOP-QBAU7DK" name="com.qa.tests.SampleTest2" tests="2" failures="0" timestamp="18 Nov 2019 14:18:29 GMT" time="0.003" errors="0">
  <testcase name="add" time="0.001" classname="com.qa.tests.SampleTest2"/>
  <testcase name="multiplication" time="0.002" classname="com.qa.tests.SampleTest2"/>
</testsuite> <!-- com.qa.tests.SampleTest2 -->
