<?xml version="1.0" encoding="UTF-8"?>
<!-- Generated by org.testng.reporters.JUnitReportReporter -->
<testsuite skipped="0" hostname="DESKTOP-QBAU7DK" name="com.qa.tests.SampleTest" tests="2" failures="0" timestamp="18 Nov 2019 14:08:16 GMT" time="0.012" errors="0">
  <testcase name="sum" time="0.001" classname="com.qa.tests.SampleTest"/>
  <testcase name="multi" time="0.011" classname="com.qa.tests.SampleTest"/>
</testsuite> <!-- com.qa.tests.SampleTest -->
