<?xml version="1.0" encoding="UTF-8"?>
<!-- Generated by org.testng.reporters.JUnitReportReporter -->
<testsuite hostname="DESKTOP-QBAU7DK" name="com.qa.tests.Test2" tests="2" failures="0" timestamp="19 Nov 2019 10:27:51 GMT" time="0.002" errors="0">
  <testcase name="multiplication" time="0.001" classname="com.qa.tests.Test2"/>
  <testcase name="sum" time="0.001" classname="com.qa.tests.Test2"/>
</testsuite> <!-- com.qa.tests.Test2 -->
