<?xml version="1.0" encoding="UTF-8"?>
<!-- Generated by org.testng.reporters.JUnitReportReporter -->
<testsuite skipped="0" hostname="DESKTOP-QBAU7DK" name="com.qa.tests.SampleTest1" tests="2" failures="0" timestamp="18 Nov 2019 14:34:20 GMT" time="0.018" errors="0">
  <testcase name="sum" time="0.003" classname="com.qa.tests.SampleTest1"/>
  <testcase name="multi" time="0.015" classname="com.qa.tests.SampleTest1"/>
</testsuite> <!-- com.qa.tests.SampleTest1 -->
